2025-02-04 16:29:35,935 [Worker-1: Loading available Gradle versions] INFO  o.e.b.c.i.u.g.PublishedGradleVersions - Gradle version information cache is not available. Remote download required.
2025-02-04 18:42:02,501 [Worker-4: Loading available Gradle versions] INFO  o.e.b.c.i.u.g.PublishedGradleVersions - Gradle version information cache is up-to-date. Trying to read.
2025-02-05 11:21:06,131 [Worker-4: Loading available Gradle versions] INFO  o.e.b.c.i.u.g.PublishedGradleVersions - Gradle version information cache is up-to-date. Trying to read.
2025-02-11 17:04:28,896 [Worker-5: Loading available Gradle versions] INFO  o.e.b.c.i.u.g.PublishedGradleVersions - Gradle version information cache is out-of-date. Trying to update.
2025-02-11 17:48:15,874 [Worker-4: Loading available Gradle versions] INFO  o.e.b.c.i.u.g.PublishedGradleVersions - Gradle version information cache is up-to-date. Trying to read.
2025-02-12 10:14:19,862 [Worker-1: Loading available Gradle versions] INFO  o.e.b.c.i.u.g.PublishedGradleVersions - Gradle version information cache is up-to-date. Trying to read.
2025-02-12 10:45:15,460 [Worker-1: Loading available Gradle versions] INFO  o.e.b.c.i.u.g.PublishedGradleVersions - Gradle version information cache is up-to-date. Trying to read.
2025-02-12 19:16:56,206 [Worker-3: Loading available Gradle versions] INFO  o.e.b.c.i.u.g.PublishedGradleVersions - Gradle version information cache is out-of-date. Trying to update.
2025-02-12 19:19:21,560 [Worker-0: Loading available Gradle versions] INFO  o.e.b.c.i.u.g.PublishedGradleVersions - Gradle version information cache is up-to-date. Trying to read.
2025-02-14 08:08:25,312 [Worker-0: Loading available Gradle versions] INFO  o.e.b.c.i.u.g.PublishedGradleVersions - Gradle version information cache is out-of-date. Trying to update.
2025-02-14 08:40:55,285 [Worker-0: Loading available Gradle versions] INFO  o.e.b.c.i.u.g.PublishedGradleVersions - Gradle version information cache is up-to-date. Trying to read.
2025-02-14 12:17:13,260 [Worker-1: Loading available Gradle versions] INFO  o.e.b.c.i.u.g.PublishedGradleVersions - Gradle version information cache is up-to-date. Trying to read.
2025-02-14 19:16:53,860 [Worker-1: Loading available Gradle versions] INFO  o.e.b.c.i.u.g.PublishedGradleVersions - Gradle version information cache is up-to-date. Trying to read.
2025-02-14 21:02:04,447 [Worker-0: Loading available Gradle versions] INFO  o.e.b.c.i.u.g.PublishedGradleVersions - Gradle version information cache is up-to-date. Trying to read.
2025-02-14 21:05:33,301 [Worker-1: Loading available Gradle versions] INFO  o.e.b.c.i.u.g.PublishedGradleVersions - Gradle version information cache is up-to-date. Trying to read.
2025-02-14 21:10:34,367 [Worker-2: Loading available Gradle versions] INFO  o.e.b.c.i.u.g.PublishedGradleVersions - Gradle version information cache is up-to-date. Trying to read.
2025-02-14 21:20:00,944 [Worker-0: Loading available Gradle versions] INFO  o.e.b.c.i.u.g.PublishedGradleVersions - Gradle version information cache is up-to-date. Trying to read.
2025-02-14 21:26:43,473 [Worker-0: Loading available Gradle versions] INFO  o.e.b.c.i.u.g.PublishedGradleVersions - Gradle version information cache is up-to-date. Trying to read.
2025-02-17 14:37:58,073 [Worker-8: Loading available Gradle versions] INFO  o.e.b.c.i.u.g.PublishedGradleVersions - Gradle version information cache is up-to-date. Trying to read.
2025-02-17 14:39:04,030 [Worker-6: Loading available Gradle versions] INFO  o.e.b.c.i.u.g.PublishedGradleVersions - Gradle version information cache is up-to-date. Trying to read.
2025-02-17 14:39:36,905 [Worker-6: Loading available Gradle versions] INFO  o.e.b.c.i.u.g.PublishedGradleVersions - Gradle version information cache is up-to-date. Trying to read.
2025-02-17 14:46:23,172 [Worker-49: Auto share git projects] WARN  org.eclipse.jgit.util.FS - Cannot run program "\bin\git" (in directory "\bin"): CreateProcess error=2, O sistema não pode encontrar o arquivo especificado
2025-02-18 09:53:13,615 [Worker-7: Loading available Gradle versions] INFO  o.e.b.c.i.u.g.PublishedGradleVersions - Gradle version information cache is up-to-date. Trying to read.
2025-02-18 09:53:19,239 [Worker-9: Decoration Calculation] WARN  org.eclipse.jgit.util.FS - Cannot run program "\bin\git" (in directory "\bin"): CreateProcess error=2, O sistema não pode encontrar o arquivo especificado
2025-02-18 09:57:16,123 [Worker-7: Loading available Gradle versions] INFO  o.e.b.c.i.u.g.PublishedGradleVersions - Gradle version information cache is up-to-date. Trying to read.
2025-02-18 09:57:21,253 [Worker-10: Decoration Calculation] WARN  org.eclipse.jgit.util.FS - Cannot run program "\bin\git" (in directory "\bin"): CreateProcess error=2, O sistema não pode encontrar o arquivo especificado
2025-02-18 10:00:49,080 [Worker-2: Loading available Gradle versions] INFO  o.e.b.c.i.u.g.PublishedGradleVersions - Gradle version information cache is up-to-date. Trying to read.
2025-02-18 10:00:53,889 [Worker-10: Decoration Calculation] WARN  org.eclipse.jgit.util.FS - Cannot run program "\bin\git" (in directory "\bin"): CreateProcess error=2, O sistema não pode encontrar o arquivo especificado
2025-02-18 10:02:25,676 [Worker-8: Loading available Gradle versions] INFO  o.e.b.c.i.u.g.PublishedGradleVersions - Gradle version information cache is up-to-date. Trying to read.
2025-02-18 10:02:30,617 [Worker-9: Decoration Calculation] WARN  org.eclipse.jgit.util.FS - Cannot run program "\bin\git" (in directory "\bin"): CreateProcess error=2, O sistema não pode encontrar o arquivo especificado
2025-02-18 10:10:52,077 [Worker-5: Loading available Gradle versions] INFO  o.e.b.c.i.u.g.PublishedGradleVersions - Gradle version information cache is up-to-date. Trying to read.
2025-02-18 10:10:56,914 [Worker-9: Decoration Calculation] WARN  org.eclipse.jgit.util.FS - Cannot run program "\bin\git" (in directory "\bin"): CreateProcess error=2, O sistema não pode encontrar o arquivo especificado
<<<<<<< HEAD
2025-02-26 19:29:36,271 [Worker-0: Loading available Gradle versions] INFO  o.e.b.c.i.u.g.PublishedGradleVersions - Gradle version information cache is up-to-date. Trying to read.
2025-02-26 19:30:48,849 [Worker-0: Loading available Gradle versions] INFO  o.e.b.c.i.u.g.PublishedGradleVersions - Gradle version information cache is up-to-date. Trying to read.
2025-02-28 19:07:46,764 [Worker-0: Loading available Gradle versions] INFO  o.e.b.c.i.u.g.PublishedGradleVersions - Gradle version information cache is out-of-date. Trying to update.
2025-03-02 08:13:37,123 [Worker-0: Loading available Gradle versions] INFO  o.e.b.c.i.u.g.PublishedGradleVersions - Gradle version information cache is out-of-date. Trying to update.
=======
2025-02-20 10:01:00,169 [Worker-9: Loading available Gradle versions] INFO  o.e.b.c.i.u.g.PublishedGradleVersions - Gradle version information cache is out-of-date. Trying to update.
2025-02-20 10:01:03,995 [Worker-12: Refreshing workspace] WARN  org.eclipse.jgit.util.FS - Cannot run program "\bin\git" (in directory "\bin"): CreateProcess error=2, O sistema não pode encontrar o arquivo especificado
2025-02-26 09:24:33,811 [Worker-7: Loading available Gradle versions] INFO  o.e.b.c.i.u.g.PublishedGradleVersions - Gradle version information cache is out-of-date. Trying to update.
2025-02-26 09:24:39,959 [Worker-8: Decoration Calculation] WARN  org.eclipse.jgit.util.FS - Cannot run program "\bin\git" (in directory "\bin"): CreateProcess error=2, O sistema não pode encontrar o arquivo especificado
2025-02-27 14:27:31,015 [Worker-4: Loading available Gradle versions] INFO  o.e.b.c.i.u.g.PublishedGradleVersions - Gradle version information cache is out-of-date. Trying to update.
2025-02-27 14:27:36,990 [Worker-8: Decoration Calculation] WARN  org.eclipse.jgit.util.FS - Cannot run program "\bin\git" (in directory "\bin"): CreateProcess error=2, O sistema não pode encontrar o arquivo especificado
2025-03-05 11:05:55,138 [Worker-7: Loading available Gradle versions] INFO  o.e.b.c.i.u.g.PublishedGradleVersions - Gradle version information cache is out-of-date. Trying to update.
2025-03-05 11:06:00,518 [Worker-1: Refreshing workspace] WARN  org.eclipse.jgit.util.FS - Cannot run program "\bin\git" (in directory "\bin"): CreateProcess error=2, O sistema não pode encontrar o arquivo especificado
>>>>>>> 9f98469929314f9c81716959a3016c980466ba46
2025-03-05 19:01:33,884 [Worker-3: Loading available Gradle versions] INFO  o.e.b.c.i.u.g.PublishedGradleVersions - Gradle version information cache is up-to-date. Trying to read.
